<?xml version="1.0" encoding="UTF-8"?>
<coverage generated="1660823462642" clover="3.2.0">
  <project timestamp="1660823462642" name="All files">
    <metrics statements="25" coveredstatements="15" conditionals="16" coveredconditionals="5" methods="8" coveredmethods="6" elements="49" coveredelements="26" complexity="0" loc="25" ncloc="25" packages="1" files="1" classes="1"/>
    <file name="index.ts" path="/Users/zhangbobo01/research/url-text-to-link/src/index.ts">
      <metrics statements="25" coveredstatements="15" conditionals="16" coveredconditionals="5" methods="8" coveredmethods="6"/>
      <line num="12" count="3" type="stmt"/>
      <line num="18" count="3" type="stmt"/>
      <line num="19" count="3" type="cond" truecount="1" falsecount="1"/>
      <line num="20" count="3" type="stmt"/>
      <line num="23" count="0" type="cond" truecount="0" falsecount="2"/>
      <line num="24" count="0" type="stmt"/>
      <line num="27" count="0" type="stmt"/>
      <line num="33" count="1" type="stmt"/>
      <line num="34" count="3" type="stmt"/>
      <line num="43" count="1" type="stmt"/>
      <line num="44" count="6" type="stmt"/>
      <line num="48" count="2" type="stmt"/>
      <line num="62" count="1" type="stmt"/>
      <line num="64" count="3" type="stmt"/>
      <line num="67" count="3" type="cond" truecount="2" falsecount="0"/>
      <line num="70" count="1" type="stmt"/>
      <line num="72" count="2" type="stmt"/>
      <line num="77" count="1" type="stmt"/>
      <line num="78" count="0" type="stmt"/>
      <line num="79" count="0" type="stmt"/>
      <line num="80" count="0" type="cond" truecount="0" falsecount="2"/>
      <line num="81" count="0" type="stmt"/>
      <line num="82" count="0" type="cond" truecount="0" falsecount="2"/>
      <line num="83" count="0" type="stmt"/>
      <line num="87" count="0" type="stmt"/>
    </file>
  </project>
</coverage>
