{"/Users/zhangbobo01/research/url-text-to-link/src/index.ts": {"path":"/Users/zhangbobo01/research/url-text-to-link/src/index.ts","statementMap":{"0":{"start":{"line":12,"column":2},"end":{"line":16,"column":3}},"1":{"start":{"line":18,"column":2},"end":{"line":18,"column":33}},"2":{"start":{"line":19,"column":2},"end":{"line":21,"column":3}},"3":{"start":{"line":20,"column":4},"end":{"line":20,"column":39}},"4":{"start":{"line":23,"column":2},"end":{"line":25,"column":3}},"5":{"start":{"line":24,"column":4},"end":{"line":24,"column":49}},"6":{"start":{"line":27,"column":2},"end":{"line":27,"column":73}},"7":{"start":{"line":33,"column":17},"end":{"line":41,"column":1}},"8":{"start":{"line":34,"column":2},"end":{"line":36,"column":4}},"9":{"start":{"line":43,"column":18},"end":{"line":45,"column":1}},"10":{"start":{"line":44,"column":2},"end":{"line":44,"column":43}},"11":{"start":{"line":48,"column":16},"end":{"line":59,"column":2}},"12":{"start":{"line":48,"column":50},"end":{"line":59,"column":2}},"13":{"start":{"line":62,"column":15},"end":{"line":62,"column":86}},"14":{"start":{"line":62,"column":33},"end":{"line":62,"column":86}},"15":{"start":{"line":64,"column":20},"end":{"line":75,"column":1}},"16":{"start":{"line":64,"column":57},"end":{"line":75,"column":1}},"17":{"start":{"line":67,"column":4},"end":{"line":73,"column":5}},"18":{"start":{"line":70,"column":6},"end":{"line":70,"column":18}},"19":{"start":{"line":72,"column":6},"end":{"line":72,"column":36}},"20":{"start":{"line":77,"column":30},"end":{"line":88,"column":1}},"21":{"start":{"line":78,"column":19},"end":{"line":78,"column":52}},"22":{"start":{"line":79,"column":2},"end":{"line":85,"column":3}},"23":{"start":{"line":80,"column":4},"end":{"line":84,"column":5}},"24":{"start":{"line":81,"column":6},"end":{"line":81,"column":53}},"25":{"start":{"line":82,"column":11},"end":{"line":84,"column":5}},"26":{"start":{"line":83,"column":6},"end":{"line":83,"column":27}},"27":{"start":{"line":87,"column":2},"end":{"line":87,"column":17}}},"fnMap":{"0":{"name":"linkifyUrls","decl":{"start":{"line":11,"column":9},"end":{"line":11,"column":20}},"loc":{"start":{"line":11,"column":56},"end":{"line":28,"column":1}},"line":11},"1":{"name":"(anonymous_1)","decl":{"start":{"line":33,"column":17},"end":{"line":33,"column":18}},"loc":{"start":{"line":33,"column":23},"end":{"line":41,"column":1}},"line":33},"2":{"name":"(anonymous_2)","decl":{"start":{"line":43,"column":18},"end":{"line":43,"column":19}},"loc":{"start":{"line":43,"column":24},"end":{"line":45,"column":1}},"line":43},"3":{"name":"(anonymous_3)","decl":{"start":{"line":48,"column":16},"end":{"line":48,"column":17}},"loc":{"start":{"line":48,"column":50},"end":{"line":59,"column":2}},"line":48},"4":{"name":"(anonymous_4)","decl":{"start":{"line":62,"column":15},"end":{"line":62,"column":16}},"loc":{"start":{"line":62,"column":33},"end":{"line":62,"column":86}},"line":62},"5":{"name":"(anonymous_5)","decl":{"start":{"line":64,"column":20},"end":{"line":64,"column":21}},"loc":{"start":{"line":64,"column":57},"end":{"line":75,"column":1}},"line":64},"6":{"name":"(anonymous_6)","decl":{"start":{"line":66,"column":2},"end":{"line":66,"column":3}},"loc":{"start":{"line":66,"column":21},"end":{"line":74,"column":3}},"line":66},"7":{"name":"(anonymous_7)","decl":{"start":{"line":77,"column":30},"end":{"line":77,"column":31}},"loc":{"start":{"line":77,"column":67},"end":{"line":88,"column":1}},"line":77}},"branchMap":{"0":{"loc":{"start":{"line":19,"column":2},"end":{"line":21,"column":3}},"type":"if","locations":[{"start":{"line":19,"column":2},"end":{"line":21,"column":3}},{"start":{},"end":{}}],"line":19},"1":{"loc":{"start":{"line":23,"column":2},"end":{"line":25,"column":3}},"type":"if","locations":[{"start":{"line":23,"column":2},"end":{"line":25,"column":3}},{"start":{},"end":{}}],"line":23},"2":{"loc":{"start":{"line":55,"column":9},"end":{"line":55,"column":64}},"type":"cond-expr","locations":[{"start":{"line":55,"column":48},"end":{"line":55,"column":52}},{"start":{"line":55,"column":55},"end":{"line":55,"column":64}}],"line":55},"3":{"loc":{"start":{"line":56,"column":8},"end":{"line":58,"column":81}},"type":"cond-expr","locations":[{"start":{"line":57,"column":6},"end":{"line":57,"column":15}},{"start":{"line":58,"column":7},"end":{"line":58,"column":80}}],"line":56},"4":{"loc":{"start":{"line":58,"column":7},"end":{"line":58,"column":80}},"type":"cond-expr","locations":[{"start":{"line":58,"column":45},"end":{"line":58,"column":64}},{"start":{"line":58,"column":67},"end":{"line":58,"column":80}}],"line":58},"5":{"loc":{"start":{"line":67,"column":4},"end":{"line":73,"column":5}},"type":"if","locations":[{"start":{"line":67,"column":4},"end":{"line":73,"column":5}},{"start":{"line":71,"column":11},"end":{"line":73,"column":5}}],"line":67},"6":{"loc":{"start":{"line":80,"column":4},"end":{"line":84,"column":5}},"type":"if","locations":[{"start":{"line":80,"column":4},"end":{"line":84,"column":5}},{"start":{"line":82,"column":11},"end":{"line":84,"column":5}}],"line":80},"7":{"loc":{"start":{"line":82,"column":11},"end":{"line":84,"column":5}},"type":"if","locations":[{"start":{"line":82,"column":11},"end":{"line":84,"column":5}},{"start":{},"end":{}}],"line":82}},"s":{"0":3,"1":3,"2":3,"3":3,"4":0,"5":0,"6":0,"7":1,"8":3,"9":1,"10":6,"11":1,"12":2,"13":1,"14":0,"15":1,"16":3,"17":3,"18":1,"19":2,"20":1,"21":0,"22":0,"23":0,"24":0,"25":0,"26":0,"27":0},"f":{"0":3,"1":3,"2":6,"3":2,"4":0,"5":3,"6":3,"7":0},"b":{"0":[3,0],"1":[0,0],"2":[2,0],"3":[2,0],"4":[0,0],"5":[1,2],"6":[0,0],"7":[0,0]},"_coverageSchema":"1a1c01bbd47fc00a2c39e90264f33305004495a9","hash":"a3ad75239669cdeefefb6e2f91bc1163443ad2c3"}
}
