TN:
SF:src/index.ts
FN:11,linkifyUrls
FN:33,(anonymous_1)
FN:43,(anonymous_2)
FN:48,(anonymous_3)
FN:62,(anonymous_4)
FN:64,(anonymous_5)
FN:66,(anonymous_6)
FN:77,(anonymous_7)
FNF:8
FNH:6
FNDA:3,linkifyUrls
FNDA:3,(anonymous_1)
FNDA:6,(anonymous_2)
FNDA:2,(anonymous_3)
FNDA:0,(anonymous_4)
FNDA:3,(anonymous_5)
FNDA:3,(anonymous_6)
FNDA:0,(anonymous_7)
DA:12,3
DA:18,3
DA:19,3
DA:20,3
DA:23,0
DA:24,0
DA:27,0
DA:33,1
DA:34,3
DA:43,1
DA:44,6
DA:48,2
DA:62,1
DA:64,3
DA:67,3
DA:70,1
DA:72,2
DA:77,1
DA:78,0
DA:79,0
DA:80,0
DA:81,0
DA:82,0
DA:83,0
DA:87,0
LF:25
LH:15
BRDA:19,0,0,3
BRDA:19,0,1,0
BRDA:23,1,0,0
BRDA:23,1,1,0
BRDA:55,2,0,2
BRDA:55,2,1,0
BRDA:56,3,0,2
BRDA:56,3,1,0
BRDA:58,4,0,0
BRDA:58,4,1,0
BRDA:67,5,0,1
BRDA:67,5,1,2
BRDA:80,6,0,0
BRDA:80,6,1,0
BRDA:82,7,0,0
BRDA:82,7,1,0
BRF:16
BRH:5
end_of_record
